DRC: Design Rule Check Radiant Software (64-bit) 2024.1.0.34.2
Sun Nov 24 19:06:28 2024

WARNING <71003020> - Top module port 'sysclk' does not connect to anything.
WARNING <71003020> - Top module port 'SPILoad' does not connect to anything.
WARNING <71003020> - Top module port 'SPIData[31]' does not connect to anything.
WARNING <71003020> - Top module port 'SPIData[30]' does not connect to anything.
WARNING <71003020> - Top module port 'SPIData[29]' does not connect to anything.
WARNING <71003020> - Top module port 'SPIData[28]' does not connect to anything.
WARNING <71003020> - Top module port 'SPIData[27]' does not connect to anything.
WARNING <71003020> - Top module port 'SPIData[26]' does not connect to anything.
WARNING <71003020> - Top module port 'SPIData[25]' does not connect to anything.
WARNING <71003020> - Top module port 'SPIData[24]' does not connect to anything.
WARNING <71003020> - Top module port 'SPIData[23]' does not connect to anything.
WARNING <71003020> - Top module port 'SPIData[22]' does not connect to anything.
WARNING <71003020> - Top module port 'SPIData[21]' does not connect to anything.
WARNING <71003020> - Top module port 'SPIData[20]' does not connect to anything.
WARNING <71003020> - Top module port 'SPIData[19]' does not connect to anything.
WARNING <71003020> - Top module port 'SPIData[18]' does not connect to anything.
WARNING <71003020> - Top module port 'SPIData[17]' does not connect to anything.
WARNING <71003020> - Top module port 'SPIData[16]' does not connect to anything.
WARNING <71003020> - Top module port 'SPIData[15]' does not connect to anything.
WARNING <71003020> - Top module port 'SPIData[14]' does not connect to anything.
WARNING <71003020> - Top module port 'SPIData[13]' does not connect to anything.
WARNING <71003020> - Top module port 'SPIData[12]' does not connect to anything.
WARNING <71003020> - Top module port 'SPIData[11]' does not connect to anything.
WARNING <71003020> - Top module port 'SPIData[10]' does not connect to anything.
WARNING <71003020> - Top module port 'SPIData[9]' does not connect to anything.
WARNING <71003020> - Top module port 'SPIData[8]' does not connect to anything.
WARNING <71003020> - Top module port 'SPIData[7]' does not connect to anything.
WARNING <71003020> - Top module port 'SPIData[6]' does not connect to anything.
WARNING <71003020> - Top module port 'SPIData[5]' does not connect to anything.
WARNING <71003020> - Top module port 'SPIData[4]' does not connect to anything.
WARNING <71003020> - Top module port 'SPIData[3]' does not connect to anything.
WARNING <71003020> - Top module port 'SPIData[2]' does not connect to anything.
WARNING <71003020> - Top module port 'SPIData[1]' does not connect to anything.
WARNING <71003020> - Top module port 'SPIData[0]' does not connect to anything.
WARNING <71003020> - Top module port 'paramIn[4]' does not connect to anything.
WARNING <71003020> - Top module port 'paramIn[3]' does not connect to anything.
WARNING <71003020> - Top module port 'paramIn[2]' does not connect to anything.
WARNING <71003020> - Top module port 'paramIn[1]' does not connect to anything.
WARNING <71003020> - Top module port 'paramIn[0]' does not connect to anything.
